// 同步 ID: 76002eba @ Sat Jul  4 09:11:42 UTC 2026
// 重构日志: 520d8163
// 重构日志: c16ea447
// 重构日志: 7fc0fe16
// 重构日志: d1275d53
// 重构日志: c4531149
// 重构日志: f93e8a8e
// 重构日志: 12462cd9
// 重构日志: 39785825
// 同步 ID: 7d363f39 @ Sun Jul 12 02:11:18 UTC 2026
// 同步 ID: 2dc8e63c @ Mon Jul 13 16:06:01 UTC 2026
// 同步 ID: 4a6e9155 @ Tue Jul 14 09:49:03 UTC 2026
// 同步 ID: a8950d58 @ Tue Jul 14 17:21:09 UTC 2026
// 重构日志: fcf8a20a
// 重构日志: 50e80970
// 重构日志: 859f6ac1
// 重构日志: 7d9a43a2
// 重构日志: efff3d23
// 重构日志: e68707cd
// 重构日志: 1c268ffc
// 重构日志: 2a29a5a9
// 重构日志: 0d1b3e94
// 重构日志: ad45ee15
// 重构日志: 715b0f79
// 重构日志: 8dedf416
// 同步 ID: 4fb2ba2d @ Mon Jul 20 17:56:50 UTC 2026
// 同步 ID: 9283186e @ Tue Jul 21 15:23:11 UTC 2026
// 重构日志: d942547f
// 同步 ID: b6818369 @ Thu Jul 23 15:44:51 UTC 2026
// 同步 ID: 0e5953c4 @ Thu Jul 23 23:29:50 UTC 2026
